0 info it worked if it ends with ok
1 verbose cli [ '/node-v0.10.20-linux-arm-pi/bin/node',
1 verbose cli   '/node-v0.10.20-linux-arm-pi/bin/npm',
1 verbose cli   'install' ]
2 info using npm@1.3.11
3 info using node@v0.10.20
4 error install Couldn't read dependencies
5 error Error: ENOENT, open '/home/pi/PiAndCamera/package.json'
6 error If you need help, you may report this log at:
6 error     <http://github.com/isaacs/npm/issues>
6 error or email it to:
6 error     <npm-@googlegroups.com>
7 error System Linux 3.6.11+
8 error command "/node-v0.10.20-linux-arm-pi/bin/node" "/node-v0.10.20-linux-arm-pi/bin/npm" "install"
9 error cwd /home/pi/PiAndCamera
10 error node -v v0.10.20
11 error npm -v 1.3.11
12 error path /home/pi/PiAndCamera/package.json
13 error code ENOENT
14 error errno 34
15 verbose exit [ 34, true ]
